Build started 2013/1/2 0:32:56.
     1>Project "E:\C ++\C++Projects\MachineLearning\neuralNetwork\singleLayerNN\singleLayerNN\singleLayerNN.vcxproj" on node 2 (build target(s)).
     1>InitializeBuildStatus:
         Creating "Debug\singleLayerNN.unsuccessfulbuild" because "AlwaysCreate" was specified.
       ClCompile:
         D:\Program Files\Microsoft Visual Studio 10.0\VC\bin\CL.exe /c /ZI /nologo /W3 /WX- /Od /Oy- /D _MBCS /Gm /EHsc /RTC1 /MDd /GS /fp:precise /Zc:wchar_t /Zc:forScope /Fo"Debug\\" /Fd"Debug\vc100.pdb" /Gd /TP /analyze- /errorReport:prompt main.cpp
         main.cpp
     1>e:\c ++\c++projects\machinelearning\neuralnetwork\singlelayernn\singlelayernn\main.cpp(73): warning C4067: unexpected tokens following preprocessor directive - expected a newline
     1>e:\c ++\c++projects\machinelearning\neuralnetwork\singlelayernn\singlelayernn\main.cpp(111): warning C4067: unexpected tokens following preprocessor directive - expected a newline
     1>e:\c ++\c++projects\machinelearning\neuralnetwork\singlelayernn\singlelayernn\main.cpp(145): warning C4067: unexpected tokens following preprocessor directive - expected a newline
     1>e:\c ++\c++projects\machinelearning\neuralnetwork\singlelayernn\singlelayernn\main.cpp(189): warning C4067: unexpected tokens following preprocessor directive - expected a newline
     1>e:\c ++\c++projects\machinelearning\neuralnetwork\singlelayernn\singlelayernn\main.cpp(245): warning C4067: unexpected tokens following preprocessor directive - expected a newline
     1>e:\c ++\c++projects\machinelearning\neuralnetwork\singlelayernn\singlelayernn\main.cpp(285): warning C4067: unexpected tokens following preprocessor directive - expected a newline
     1>e:\c ++\c++projects\machinelearning\neuralnetwork\singlelayernn\singlelayernn\main.cpp(340): warning C4067: unexpected tokens following preprocessor directive - expected a newline
     1>e:\c ++\c++projects\machinelearning\neuralnetwork\singlelayernn\singlelayernn\main.cpp(399): warning C4067: unexpected tokens following preprocessor directive - expected a newline
     1>e:\c ++\c++projects\machinelearning\neuralnetwork\singlelayernn\singlelayernn\main.cpp(424): warning C4067: unexpected tokens following preprocessor directive - expected a newline
     1>e:\c ++\c++projects\machinelearning\neuralnetwork\singlelayernn\singlelayernn\main.cpp(459): warning C4067: unexpected tokens following preprocessor directive - expected a newline
     1>e:\c ++\c++projects\machinelearning\neuralnetwork\singlelayernn\singlelayernn\main.cpp(532): warning C4996: 'sscanf': This function or variable may be unsafe. Consider using sscanf_s instead. To disable deprecation, use _CRT_SECURE_NO_WARNINGS. See online help for details.
                 d:\program files\microsoft visual studio 10.0\vc\include\stdio.h(325) : see declaration of 'sscanf'
       Link:
         D:\Program Files\Microsoft Visual Studio 10.0\VC\bin\link.exe /ERRORREPORT:PROMPT /OUT:"E:\C ++\C++Projects\MachineLearning\neuralNetwork\singleLayerNN\Debug\singleLayerNN.exe" /NOLOGO kernel32.lib user32.lib gdi32.lib winspool.lib comdlg32.lib advapi32.lib shell32.lib ole32.lib oleaut32.lib uuid.lib odbc32.lib odbccp32.lib /MANIFEST /ManifestFile:"Debug\singleLayerNN.exe.intermediate.manifest" /MANIFESTUAC:"level='asInvoker' uiAccess='false'" /DEBUG /PDB:"E:\C ++\C++Projects\MachineLearning\neuralNetwork\singleLayerNN\Debug\singleLayerNN.pdb" /TLBID:1 /DYNAMICBASE /NXCOMPAT /IMPLIB:"E:\C ++\C++Projects\MachineLearning\neuralNetwork\singleLayerNN\Debug\singleLayerNN.lib" /MACHINE:X86 Debug\main.obj
         LINK : E:\C ++\C++Projects\MachineLearning\neuralNetwork\singleLayerNN\Debug\singleLayerNN.exe not found or not built by the last incremental link; performing full link
         singleLayerNN.vcxproj -> E:\C ++\C++Projects\MachineLearning\neuralNetwork\singleLayerNN\Debug\singleLayerNN.exe
       Manifest:
         C:\Program Files\Microsoft SDKs\Windows\v7.0A\bin\mt.exe /nologo /verbose /outputresource:"E:\C ++\C++Projects\MachineLearning\neuralNetwork\singleLayerNN\Debug\singleLayerNN.exe;#1" /manifest Debug\singleLayerNN.exe.intermediate.manifest
       FinalizeBuildStatus:
         Deleting file "Debug\singleLayerNN.unsuccessfulbuild".
         Touching "Debug\singleLayerNN.lastbuildstate".
     1>Done Building Project "E:\C ++\C++Projects\MachineLearning\neuralNetwork\singleLayerNN\singleLayerNN\singleLayerNN.vcxproj" (build target(s)).

Build succeeded.

Time Elapsed 00:00:05.41
